INFO - 2024-05-05 08:40:38 --> Session: Class initialized using 'CodeIgniter\Session\Handlers\FileHandler' driver.
INFO - 2024-05-05 08:51:05 --> Session: Class initialized using 'CodeIgniter\Session\Handlers\FileHandler' driver.
INFO - 2024-05-05 08:51:59 --> Session: Class initialized using 'CodeIgniter\Session\Handlers\FileHandler' driver.
INFO - 2024-05-05 08:52:41 --> Session: Class initialized using 'CodeIgniter\Session\Handlers\FileHandler' driver.
INFO - 2024-05-05 08:52:44 --> Session: Class initialized using 'CodeIgniter\Session\Handlers\FileHandler' driver.
INFO - 2024-05-05 08:52:55 --> Session: Class initialized using 'CodeIgniter\Session\Handlers\FileHandler' driver.
ERROR - 2024-05-05 08:52:55 --> mysqli_sql_exception: Table 'swiss_collection.roles' doesn't exist in C:\xampp\htdocs\ena\system\Database\MySQLi\Connection.php:308
Stack trace:
#0 C:\xampp\htdocs\ena\system\Database\MySQLi\Connection.php(308): mysqli->query('SELECT *\nFROM `...', 0)
#1 C:\xampp\htdocs\ena\system\Database\BaseConnection.php(722): CodeIgniter\Database\MySQLi\Connection->execute('SELECT *\nFROM `...')
#2 C:\xampp\htdocs\ena\system\Database\BaseConnection.php(636): CodeIgniter\Database\BaseConnection->simpleQuery('SELECT *\nFROM `...')
#3 C:\xampp\htdocs\ena\system\Database\BaseBuilder.php(1629): CodeIgniter\Database\BaseConnection->query('SELECT *\nFROM `...', Array, false)
#4 C:\xampp\htdocs\ena\app\Models\UsersModel.php(23): CodeIgniter\Database\BaseBuilder->get()
#5 C:\xampp\htdocs\ena\app\Controllers\Login.php(41): App\Models\UsersModel->getData(Array)
#6 C:\xampp\htdocs\ena\system\CodeIgniter.php(933): App\Controllers\Login->auth()
#7 C:\xampp\htdocs\ena\system\CodeIgniter.php(509): CodeIgniter\CodeIgniter->runController(Object(App\Controllers\Login))
#8 C:\xampp\htdocs\ena\system\CodeIgniter.php(355): CodeIgniter\CodeIgniter->handleRequest(NULL, Object(Config\Cache), false)
#9 C:\xampp\htdocs\ena\system\Boot.php(312): CodeIgniter\CodeIgniter->run()
#10 C:\xampp\htdocs\ena\system\Boot.php(67): CodeIgniter\Boot::runCodeIgniter(Object(CodeIgniter\CodeIgniter))
#11 C:\xampp\htdocs\ena\public\index.php(56): CodeIgniter\Boot::bootWeb(Object(Config\Paths))
#12 {main}
CRITICAL - 2024-05-05 08:52:55 --> CodeIgniter\Database\Exceptions\DatabaseException: Table 'swiss_collection.roles' doesn't exist
[Method: POST, Route: login/auth]
in SYSTEMPATH\Database\BaseConnection.php on line 676.
 1 SYSTEMPATH\Database\BaseBuilder.php(1629): CodeIgniter\Database\BaseConnection->query('SELECT *
FROM `users`
JOIN `roles` ON `roles`.`id_role` = `users`.`id_role`
WHERE `users`.`username` = :users.username:', [...], false)
 2 APPPATH\Models\UsersModel.php(23): CodeIgniter\Database\BaseBuilder->get()
 3 APPPATH\Controllers\Login.php(41): App\Models\UsersModel->getData([...])
 4 SYSTEMPATH\CodeIgniter.php(933): App\Controllers\Login->auth()
 5 SYSTEMPATH\CodeIgniter.php(509): CodeIgniter\CodeIgniter->runController(Object(App\Controllers\Login))
 6 SYSTEMPATH\CodeIgniter.php(355): CodeIgniter\CodeIgniter->handleRequest(null, Object(Config\Cache), false)
 7 SYSTEMPATH\Boot.php(312): CodeIgniter\CodeIgniter->run()
 8 SYSTEMPATH\Boot.php(67): CodeIgniter\Boot::runCodeIgniter(Object(CodeIgniter\CodeIgniter))
 9 FCPATH\index.php(56): CodeIgniter\Boot::bootWeb(Object(Config\Paths))
CRITICAL - 2024-05-05 08:52:55 --> [Caused by] CodeIgniter\Database\Exceptions\DatabaseException: Table 'swiss_collection.roles' doesn't exist
in SYSTEMPATH\Database\MySQLi\Connection.php on line 313.
 1 SYSTEMPATH\Database\BaseConnection.php(722): CodeIgniter\Database\MySQLi\Connection->execute('SELECT *
FROM `users`
JOIN `roles` ON `roles`.`id_role` = `users`.`id_role`
WHERE `users`.`username` = \'Vincent\'')
 2 SYSTEMPATH\Database\BaseConnection.php(636): CodeIgniter\Database\BaseConnection->simpleQuery('SELECT *
FROM `users`
JOIN `roles` ON `roles`.`id_role` = `users`.`id_role`
WHERE `users`.`username` = \'Vincent\'')
 3 SYSTEMPATH\Database\BaseBuilder.php(1629): CodeIgniter\Database\BaseConnection->query('SELECT *
FROM `users`
JOIN `roles` ON `roles`.`id_role` = `users`.`id_role`
WHERE `users`.`username` = :users.username:', [...], false)
 4 APPPATH\Models\UsersModel.php(23): CodeIgniter\Database\BaseBuilder->get()
 5 APPPATH\Controllers\Login.php(41): App\Models\UsersModel->getData([...])
 6 SYSTEMPATH\CodeIgniter.php(933): App\Controllers\Login->auth()
 7 SYSTEMPATH\CodeIgniter.php(509): CodeIgniter\CodeIgniter->runController(Object(App\Controllers\Login))
 8 SYSTEMPATH\CodeIgniter.php(355): CodeIgniter\CodeIgniter->handleRequest(null, Object(Config\Cache), false)
 9 SYSTEMPATH\Boot.php(312): CodeIgniter\CodeIgniter->run()
10 SYSTEMPATH\Boot.php(67): CodeIgniter\Boot::runCodeIgniter(Object(CodeIgniter\CodeIgniter))
11 FCPATH\index.php(56): CodeIgniter\Boot::bootWeb(Object(Config\Paths))
CRITICAL - 2024-05-05 08:52:55 --> [Caused by] mysqli_sql_exception: Table 'swiss_collection.roles' doesn't exist
in SYSTEMPATH\Database\MySQLi\Connection.php on line 308.
 1 SYSTEMPATH\Database\MySQLi\Connection.php(308): mysqli->query('SELECT *
FROM `users`
JOIN `roles` ON `roles`.`id_role` = `users`.`id_role`
WHERE `users`.`username` = \'Vincent\'', 0)
 2 SYSTEMPATH\Database\BaseConnection.php(722): CodeIgniter\Database\MySQLi\Connection->execute('SELECT *
FROM `users`
JOIN `roles` ON `roles`.`id_role` = `users`.`id_role`
WHERE `users`.`username` = \'Vincent\'')
 3 SYSTEMPATH\Database\BaseConnection.php(636): CodeIgniter\Database\BaseConnection->simpleQuery('SELECT *
FROM `users`
JOIN `roles` ON `roles`.`id_role` = `users`.`id_role`
WHERE `users`.`username` = \'Vincent\'')
 4 SYSTEMPATH\Database\BaseBuilder.php(1629): CodeIgniter\Database\BaseConnection->query('SELECT *
FROM `users`
JOIN `roles` ON `roles`.`id_role` = `users`.`id_role`
WHERE `users`.`username` = :users.username:', [...], false)
 5 APPPATH\Models\UsersModel.php(23): CodeIgniter\Database\BaseBuilder->get()
 6 APPPATH\Controllers\Login.php(41): App\Models\UsersModel->getData([...])
 7 SYSTEMPATH\CodeIgniter.php(933): App\Controllers\Login->auth()
 8 SYSTEMPATH\CodeIgniter.php(509): CodeIgniter\CodeIgniter->runController(Object(App\Controllers\Login))
 9 SYSTEMPATH\CodeIgniter.php(355): CodeIgniter\CodeIgniter->handleRequest(null, Object(Config\Cache), false)
10 SYSTEMPATH\Boot.php(312): CodeIgniter\CodeIgniter->run()
11 SYSTEMPATH\Boot.php(67): CodeIgniter\Boot::runCodeIgniter(Object(CodeIgniter\CodeIgniter))
12 FCPATH\index.php(56): CodeIgniter\Boot::bootWeb(Object(Config\Paths))
INFO - 2024-05-05 09:00:53 --> Session: Class initialized using 'CodeIgniter\Session\Handlers\FileHandler' driver.
INFO - 2024-05-05 09:01:48 --> Session: Class initialized using 'CodeIgniter\Session\Handlers\FileHandler' driver.
INFO - 2024-05-05 09:01:48 --> Session: Class initialized using 'CodeIgniter\Session\Handlers\FileHandler' driver.
INFO - 2024-05-05 09:01:49 --> Session: Class initialized using 'CodeIgniter\Session\Handlers\FileHandler' driver.
INFO - 2024-05-05 09:01:54 --> Session: Class initialized using 'CodeIgniter\Session\Handlers\FileHandler' driver.
INFO - 2024-05-05 09:01:54 --> Session: Class initialized using 'CodeIgniter\Session\Handlers\FileHandler' driver.
INFO - 2024-05-05 09:01:56 --> Session: Class initialized using 'CodeIgniter\Session\Handlers\FileHandler' driver.
INFO - 2024-05-05 09:09:37 --> Session: Class initialized using 'CodeIgniter\Session\Handlers\FileHandler' driver.
INFO - 2024-05-05 09:09:39 --> Session: Class initialized using 'CodeIgniter\Session\Handlers\FileHandler' driver.
INFO - 2024-05-05 09:09:39 --> Session: Class initialized using 'CodeIgniter\Session\Handlers\FileHandler' driver.
INFO - 2024-05-05 14:35:29 --> Session: Class initialized using 'CodeIgniter\Session\Handlers\FileHandler' driver.
CRITICAL - 2024-05-05 14:55:16 --> ParseError: Unmatched '}'
[Method: GET, Route: /]
in APPPATH\Models\ProjectModel.php on line 112.
 1 SYSTEMPATH\Autoloader\Autoloader.php(296): CodeIgniter\Autoloader\Autoloader->includeFile('C:\\xampp\\htdocs\\ena\\app\\Models\\ProjectModel.php')
 2 SYSTEMPATH\Autoloader\Autoloader.php(272): CodeIgniter\Autoloader\Autoloader->loadInNamespace('App\\Models\\ProjectModel')
 3 APPPATH\Controllers\Home.php(25): CodeIgniter\Autoloader\Autoloader->loadClass('App\\Models\\ProjectModel')
 4 SYSTEMPATH\CodeIgniter.php(903): App\Controllers\Home->__construct()
 5 SYSTEMPATH\CodeIgniter.php(500): CodeIgniter\CodeIgniter->createController()
 6 SYSTEMPATH\CodeIgniter.php(355): CodeIgniter\CodeIgniter->handleRequest(null, Object(Config\Cache), false)
 7 SYSTEMPATH\Boot.php(312): CodeIgniter\CodeIgniter->run()
 8 SYSTEMPATH\Boot.php(67): CodeIgniter\Boot::runCodeIgniter(Object(CodeIgniter\CodeIgniter))
 9 FCPATH\index.php(56): CodeIgniter\Boot::bootWeb(Object(Config\Paths))
INFO - 2024-05-05 15:07:29 --> Session: Class initialized using 'CodeIgniter\Session\Handlers\FileHandler' driver.
INFO - 2024-05-05 15:07:31 --> Session: Class initialized using 'CodeIgniter\Session\Handlers\FileHandler' driver.
INFO - 2024-05-05 15:07:37 --> Session: Class initialized using 'CodeIgniter\Session\Handlers\FileHandler' driver.
INFO - 2024-05-05 15:07:37 --> Session: Class initialized using 'CodeIgniter\Session\Handlers\FileHandler' driver.
INFO - 2024-05-05 15:07:38 --> Session: Class initialized using 'CodeIgniter\Session\Handlers\FileHandler' driver.
INFO - 2024-05-05 15:07:43 --> Session: Class initialized using 'CodeIgniter\Session\Handlers\FileHandler' driver.
INFO - 2024-05-05 15:07:46 --> Session: Class initialized using 'CodeIgniter\Session\Handlers\FileHandler' driver.
CRITICAL - 2024-05-05 15:07:46 --> ErrorException: Undefined variable $koneksi
[Method: GET, Route: /]
in APPPATH\Views\admin\project\more_project.php on line 5.
 1 APPPATH\Views\admin\project\more_project.php(5): CodeIgniter\Debug\Exceptions->errorHandler(2, 'Undefined variable $koneksi', 'C:\\xampp\\htdocs\\ena\\app\\Views\\admin\\project\\more_project.php', 5)
 2 APPPATH\Views\index.php(227): include('C:\\xampp\\htdocs\\ena\\app\\Views\\admin\\project\\more_project.php')
 3 SYSTEMPATH\View\View.php(234): include('C:\\xampp\\htdocs\\ena\\app\\Views\\index.php')
 4 SYSTEMPATH\View\View.php(237): CodeIgniter\View\View->CodeIgniter\View\{closure}()
 5 SYSTEMPATH\Common.php(1171): CodeIgniter\View\View->render('index', [], true)
 6 APPPATH\Controllers\Home.php(78): view('index', [...])
 7 SYSTEMPATH\CodeIgniter.php(933): App\Controllers\Home->index()
 8 SYSTEMPATH\CodeIgniter.php(509): CodeIgniter\CodeIgniter->runController(Object(App\Controllers\Home))
 9 SYSTEMPATH\CodeIgniter.php(355): CodeIgniter\CodeIgniter->handleRequest(null, Object(Config\Cache), false)
10 SYSTEMPATH\Boot.php(312): CodeIgniter\CodeIgniter->run()
11 SYSTEMPATH\Boot.php(67): CodeIgniter\Boot::runCodeIgniter(Object(CodeIgniter\CodeIgniter))
12 FCPATH\index.php(56): CodeIgniter\Boot::bootWeb(Object(Config\Paths))
INFO - 2024-05-05 15:09:14 --> Session: Class initialized using 'CodeIgniter\Session\Handlers\FileHandler' driver.
INFO - 2024-05-05 15:09:17 --> Session: Class initialized using 'CodeIgniter\Session\Handlers\FileHandler' driver.
CRITICAL - 2024-05-05 15:09:17 --> ErrorException: Undefined variable $project
[Method: GET, Route: /]
in APPPATH\Views\admin\project\more_project.php on line 9.
 1 APPPATH\Views\admin\project\more_project.php(9): CodeIgniter\Debug\Exceptions->errorHandler(2, 'Undefined variable $project', 'C:\\xampp\\htdocs\\ena\\app\\Views\\admin\\project\\more_project.php', 9)
 2 APPPATH\Views\index.php(227): include('C:\\xampp\\htdocs\\ena\\app\\Views\\admin\\project\\more_project.php')
 3 SYSTEMPATH\View\View.php(234): include('C:\\xampp\\htdocs\\ena\\app\\Views\\index.php')
 4 SYSTEMPATH\View\View.php(237): CodeIgniter\View\View->CodeIgniter\View\{closure}()
 5 SYSTEMPATH\Common.php(1171): CodeIgniter\View\View->render('index', [], true)
 6 APPPATH\Controllers\Home.php(78): view('index', [...])
 7 SYSTEMPATH\CodeIgniter.php(933): App\Controllers\Home->index()
 8 SYSTEMPATH\CodeIgniter.php(509): CodeIgniter\CodeIgniter->runController(Object(App\Controllers\Home))
 9 SYSTEMPATH\CodeIgniter.php(355): CodeIgniter\CodeIgniter->handleRequest(null, Object(Config\Cache), false)
10 SYSTEMPATH\Boot.php(312): CodeIgniter\CodeIgniter->run()
11 SYSTEMPATH\Boot.php(67): CodeIgniter\Boot::runCodeIgniter(Object(CodeIgniter\CodeIgniter))
12 FCPATH\index.php(56): CodeIgniter\Boot::bootWeb(Object(Config\Paths))
INFO - 2024-05-05 15:09:47 --> Session: Class initialized using 'CodeIgniter\Session\Handlers\FileHandler' driver.
INFO - 2024-05-05 15:09:49 --> Session: Class initialized using 'CodeIgniter\Session\Handlers\FileHandler' driver.
CRITICAL - 2024-05-05 15:09:49 --> ErrorException: Attempt to read property "product_id" on array
[Method: GET, Route: /]
in APPPATH\Views\admin\project\more_project.php on line 9.
 1 APPPATH\Views\admin\project\more_project.php(9): CodeIgniter\Debug\Exceptions->errorHandler(2, 'Attempt to read property "product_id" on array', 'C:\\xampp\\htdocs\\ena\\app\\Views\\admin\\project\\more_project.php', 9)
 2 APPPATH\Views\index.php(227): include('C:\\xampp\\htdocs\\ena\\app\\Views\\admin\\project\\more_project.php')
 3 SYSTEMPATH\View\View.php(234): include('C:\\xampp\\htdocs\\ena\\app\\Views\\index.php')
 4 SYSTEMPATH\View\View.php(237): CodeIgniter\View\View->CodeIgniter\View\{closure}()
 5 SYSTEMPATH\Common.php(1171): CodeIgniter\View\View->render('index', [], true)
 6 APPPATH\Controllers\Home.php(78): view('index', [...])
 7 SYSTEMPATH\CodeIgniter.php(933): App\Controllers\Home->index()
 8 SYSTEMPATH\CodeIgniter.php(509): CodeIgniter\CodeIgniter->runController(Object(App\Controllers\Home))
 9 SYSTEMPATH\CodeIgniter.php(355): CodeIgniter\CodeIgniter->handleRequest(null, Object(Config\Cache), false)
10 SYSTEMPATH\Boot.php(312): CodeIgniter\CodeIgniter->run()
11 SYSTEMPATH\Boot.php(67): CodeIgniter\Boot::runCodeIgniter(Object(CodeIgniter\CodeIgniter))
12 FCPATH\index.php(56): CodeIgniter\Boot::bootWeb(Object(Config\Paths))
