INFO - 2024-05-12 12:27:22 --> Session: Class initialized using 'CodeIgniter\Session\Handlers\FileHandler' driver.
INFO - 2024-05-12 12:29:01 --> Session: Class initialized using 'CodeIgniter\Session\Handlers\FileHandler' driver.
INFO - 2024-05-12 12:29:22 --> Session: Class initialized using 'CodeIgniter\Session\Handlers\FileHandler' driver.
INFO - 2024-05-12 12:29:24 --> Session: Class initialized using 'CodeIgniter\Session\Handlers\FileHandler' driver.
INFO - 2024-05-12 12:29:30 --> Session: Class initialized using 'CodeIgniter\Session\Handlers\FileHandler' driver.
ERROR - 2024-05-12 12:29:30 --> mysqli_sql_exception: Unknown column 'users.id_role' in 'on clause' in E:\Polman\Praktek Enterprise\Code_Ena_Minggu2\ena\ena\system\Database\MySQLi\Connection.php:308
Stack trace:
#0 E:\Polman\Praktek Enterprise\Code_Ena_Minggu2\ena\ena\system\Database\MySQLi\Connection.php(308): mysqli->query('SELECT *\nFROM `...', 0)
#1 E:\Polman\Praktek Enterprise\Code_Ena_Minggu2\ena\ena\system\Database\BaseConnection.php(722): CodeIgniter\Database\MySQLi\Connection->execute('SELECT *\nFROM `...')
#2 E:\Polman\Praktek Enterprise\Code_Ena_Minggu2\ena\ena\system\Database\BaseConnection.php(636): CodeIgniter\Database\BaseConnection->simpleQuery('SELECT *\nFROM `...')
#3 E:\Polman\Praktek Enterprise\Code_Ena_Minggu2\ena\ena\system\Database\BaseBuilder.php(1629): CodeIgniter\Database\BaseConnection->query('SELECT *\nFROM `...', Array, false)
#4 E:\Polman\Praktek Enterprise\Code_Ena_Minggu2\ena\ena\app\Models\UsersModel.php(23): CodeIgniter\Database\BaseBuilder->get()
#5 E:\Polman\Praktek Enterprise\Code_Ena_Minggu2\ena\ena\app\Controllers\Login.php(41): App\Models\UsersModel->getData(Array)
#6 E:\Polman\Praktek Enterprise\Code_Ena_Minggu2\ena\ena\system\CodeIgniter.php(933): App\Controllers\Login->auth()
#7 E:\Polman\Praktek Enterprise\Code_Ena_Minggu2\ena\ena\system\CodeIgniter.php(509): CodeIgniter\CodeIgniter->runController(Object(App\Controllers\Login))
#8 E:\Polman\Praktek Enterprise\Code_Ena_Minggu2\ena\ena\system\CodeIgniter.php(355): CodeIgniter\CodeIgniter->handleRequest(NULL, Object(Config\Cache), false)
#9 E:\Polman\Praktek Enterprise\Code_Ena_Minggu2\ena\ena\system\Boot.php(312): CodeIgniter\CodeIgniter->run()
#10 E:\Polman\Praktek Enterprise\Code_Ena_Minggu2\ena\ena\system\Boot.php(67): CodeIgniter\Boot::runCodeIgniter(Object(CodeIgniter\CodeIgniter))
#11 E:\Polman\Praktek Enterprise\Code_Ena_Minggu2\ena\ena\public\index.php(56): CodeIgniter\Boot::bootWeb(Object(Config\Paths))
#12 E:\Polman\Praktek Enterprise\Code_Ena_Minggu2\ena\ena\system\Commands\Server\rewrite.php(49): require_once('E:\\Polman\\Prakt...')
#13 {main}
CRITICAL - 2024-05-12 12:29:30 --> CodeIgniter\Database\Exceptions\DatabaseException: Unknown column 'users.id_role' in 'on clause'
[Method: POST, Route: login/auth]
in SYSTEMPATH\Database\BaseConnection.php on line 676.
 1 SYSTEMPATH\Database\BaseBuilder.php(1629): CodeIgniter\Database\BaseConnection->query('SELECT *
FROM `users`
JOIN `roles` ON `roles`.`id_role` = `users`.`id_role`
WHERE `users`.`username` = :users.username:', [...], false)
 2 APPPATH\Models\UsersModel.php(23): CodeIgniter\Database\BaseBuilder->get()
 3 APPPATH\Controllers\Login.php(41): App\Models\UsersModel->getData([...])
 4 SYSTEMPATH\CodeIgniter.php(933): App\Controllers\Login->auth()
 5 SYSTEMPATH\CodeIgniter.php(509): CodeIgniter\CodeIgniter->runController(Object(App\Controllers\Login))
 6 SYSTEMPATH\CodeIgniter.php(355): CodeIgniter\CodeIgniter->handleRequest(null, Object(Config\Cache), false)
 7 SYSTEMPATH\Boot.php(312): CodeIgniter\CodeIgniter->run()
 8 SYSTEMPATH\Boot.php(67): CodeIgniter\Boot::runCodeIgniter(Object(CodeIgniter\CodeIgniter))
 9 FCPATH\index.php(56): CodeIgniter\Boot::bootWeb(Object(Config\Paths))
10 SYSTEMPATH\Commands\Server\rewrite.php(49): require_once('E:\\Polman\\Praktek Enterprise\\Code_Ena_Minggu2\\ena\\ena\\public\\index.php')
CRITICAL - 2024-05-12 12:29:30 --> [Caused by] CodeIgniter\Database\Exceptions\DatabaseException: Unknown column 'users.id_role' in 'on clause'
in SYSTEMPATH\Database\MySQLi\Connection.php on line 313.
 1 SYSTEMPATH\Database\BaseConnection.php(722): CodeIgniter\Database\MySQLi\Connection->execute('SELECT *
FROM `users`
JOIN `roles` ON `roles`.`id_role` = `users`.`id_role`
WHERE `users`.`username` = \'Vincent\'')
 2 SYSTEMPATH\Database\BaseConnection.php(636): CodeIgniter\Database\BaseConnection->simpleQuery('SELECT *
FROM `users`
JOIN `roles` ON `roles`.`id_role` = `users`.`id_role`
WHERE `users`.`username` = \'Vincent\'')
 3 SYSTEMPATH\Database\BaseBuilder.php(1629): CodeIgniter\Database\BaseConnection->query('SELECT *
FROM `users`
JOIN `roles` ON `roles`.`id_role` = `users`.`id_role`
WHERE `users`.`username` = :users.username:', [...], false)
 4 APPPATH\Models\UsersModel.php(23): CodeIgniter\Database\BaseBuilder->get()
 5 APPPATH\Controllers\Login.php(41): App\Models\UsersModel->getData([...])
 6 SYSTEMPATH\CodeIgniter.php(933): App\Controllers\Login->auth()
 7 SYSTEMPATH\CodeIgniter.php(509): CodeIgniter\CodeIgniter->runController(Object(App\Controllers\Login))
 8 SYSTEMPATH\CodeIgniter.php(355): CodeIgniter\CodeIgniter->handleRequest(null, Object(Config\Cache), false)
 9 SYSTEMPATH\Boot.php(312): CodeIgniter\CodeIgniter->run()
10 SYSTEMPATH\Boot.php(67): CodeIgniter\Boot::runCodeIgniter(Object(CodeIgniter\CodeIgniter))
11 FCPATH\index.php(56): CodeIgniter\Boot::bootWeb(Object(Config\Paths))
12 SYSTEMPATH\Commands\Server\rewrite.php(49): require_once('E:\\Polman\\Praktek Enterprise\\Code_Ena_Minggu2\\ena\\ena\\public\\index.php')
CRITICAL - 2024-05-12 12:29:30 --> [Caused by] mysqli_sql_exception: Unknown column 'users.id_role' in 'on clause'
in SYSTEMPATH\Database\MySQLi\Connection.php on line 308.
 1 SYSTEMPATH\Database\MySQLi\Connection.php(308): mysqli->query('SELECT *
FROM `users`
JOIN `roles` ON `roles`.`id_role` = `users`.`id_role`
WHERE `users`.`username` = \'Vincent\'', 0)
 2 SYSTEMPATH\Database\BaseConnection.php(722): CodeIgniter\Database\MySQLi\Connection->execute('SELECT *
FROM `users`
JOIN `roles` ON `roles`.`id_role` = `users`.`id_role`
WHERE `users`.`username` = \'Vincent\'')
 3 SYSTEMPATH\Database\BaseConnection.php(636): CodeIgniter\Database\BaseConnection->simpleQuery('SELECT *
FROM `users`
JOIN `roles` ON `roles`.`id_role` = `users`.`id_role`
WHERE `users`.`username` = \'Vincent\'')
 4 SYSTEMPATH\Database\BaseBuilder.php(1629): CodeIgniter\Database\BaseConnection->query('SELECT *
FROM `users`
JOIN `roles` ON `roles`.`id_role` = `users`.`id_role`
WHERE `users`.`username` = :users.username:', [...], false)
 5 APPPATH\Models\UsersModel.php(23): CodeIgniter\Database\BaseBuilder->get()
 6 APPPATH\Controllers\Login.php(41): App\Models\UsersModel->getData([...])
 7 SYSTEMPATH\CodeIgniter.php(933): App\Controllers\Login->auth()
 8 SYSTEMPATH\CodeIgniter.php(509): CodeIgniter\CodeIgniter->runController(Object(App\Controllers\Login))
 9 SYSTEMPATH\CodeIgniter.php(355): CodeIgniter\CodeIgniter->handleRequest(null, Object(Config\Cache), false)
10 SYSTEMPATH\Boot.php(312): CodeIgniter\CodeIgniter->run()
11 SYSTEMPATH\Boot.php(67): CodeIgniter\Boot::runCodeIgniter(Object(CodeIgniter\CodeIgniter))
12 FCPATH\index.php(56): CodeIgniter\Boot::bootWeb(Object(Config\Paths))
13 SYSTEMPATH\Commands\Server\rewrite.php(49): require_once('E:\\Polman\\Praktek Enterprise\\Code_Ena_Minggu2\\ena\\ena\\public\\index.php')
INFO - 2024-05-12 12:30:52 --> Session: Class initialized using 'CodeIgniter\Session\Handlers\FileHandler' driver.
INFO - 2024-05-12 12:30:56 --> Session: Class initialized using 'CodeIgniter\Session\Handlers\FileHandler' driver.
INFO - 2024-05-12 12:30:56 --> Session: Class initialized using 'CodeIgniter\Session\Handlers\FileHandler' driver.
INFO - 2024-05-12 12:30:58 --> Session: Class initialized using 'CodeIgniter\Session\Handlers\FileHandler' driver.
INFO - 2024-05-12 12:31:02 --> Session: Class initialized using 'CodeIgniter\Session\Handlers\FileHandler' driver.
INFO - 2024-05-12 12:31:04 --> Session: Class initialized using 'CodeIgniter\Session\Handlers\FileHandler' driver.
INFO - 2024-05-12 12:32:27 --> Session: Class initialized using 'CodeIgniter\Session\Handlers\FileHandler' driver.
INFO - 2024-05-12 12:32:30 --> Session: Class initialized using 'CodeIgniter\Session\Handlers\FileHandler' driver.
INFO - 2024-05-12 12:32:31 --> Session: Class initialized using 'CodeIgniter\Session\Handlers\FileHandler' driver.
INFO - 2024-05-12 12:32:32 --> Session: Class initialized using 'CodeIgniter\Session\Handlers\FileHandler' driver.
INFO - 2024-05-12 13:05:59 --> Session: Class initialized using 'CodeIgniter\Session\Handlers\FileHandler' driver.
INFO - 2024-05-12 13:06:01 --> Session: Class initialized using 'CodeIgniter\Session\Handlers\FileHandler' driver.
INFO - 2024-05-12 13:13:18 --> Session: Class initialized using 'CodeIgniter\Session\Handlers\FileHandler' driver.
INFO - 2024-05-12 13:13:20 --> Session: Class initialized using 'CodeIgniter\Session\Handlers\FileHandler' driver.
INFO - 2024-05-12 13:13:25 --> Session: Class initialized using 'CodeIgniter\Session\Handlers\FileHandler' driver.
INFO - 2024-05-12 13:13:29 --> Session: Class initialized using 'CodeIgniter\Session\Handlers\FileHandler' driver.
INFO - 2024-05-12 13:15:57 --> Session: Class initialized using 'CodeIgniter\Session\Handlers\FileHandler' driver.
CRITICAL - 2024-05-12 13:15:58 --> ErrorException: Undefined variable $koneksi
[Method: GET, Route: /]
in APPPATH\Views\admin\project\edit_project.php on line 5.
 1 APPPATH\Views\admin\project\edit_project.php(5): CodeIgniter\Debug\Exceptions->errorHandler(2, 'Undefined variable $koneksi', 'E:\\Polman\\Praktek Enterprise\\Code_Ena_Minggu2\\ena\\ena\\app\\Views\\admin\\project\\edit_project.php', 5)
 2 APPPATH\Views\index.php(221): include('E:\\Polman\\Praktek Enterprise\\Code_Ena_Minggu2\\ena\\ena\\app\\Views\\admin\\project\\edit_project.php')
 3 SYSTEMPATH\View\View.php(234): include('E:\\Polman\\Praktek Enterprise\\Code_Ena_Minggu2\\ena\\ena\\app\\Views\\index.php')
 4 SYSTEMPATH\View\View.php(237): CodeIgniter\View\View->CodeIgniter\View\{closure}()
 5 SYSTEMPATH\Common.php(1171): CodeIgniter\View\View->render('index', [], true)
 6 APPPATH\Controllers\Home.php(83): view('index', [...])
 7 SYSTEMPATH\CodeIgniter.php(933): App\Controllers\Home->index()
 8 SYSTEMPATH\CodeIgniter.php(509): CodeIgniter\CodeIgniter->runController(Object(App\Controllers\Home))
 9 SYSTEMPATH\CodeIgniter.php(355): CodeIgniter\CodeIgniter->handleRequest(null, Object(Config\Cache), false)
10 SYSTEMPATH\Boot.php(312): CodeIgniter\CodeIgniter->run()
11 SYSTEMPATH\Boot.php(67): CodeIgniter\Boot::runCodeIgniter(Object(CodeIgniter\CodeIgniter))
12 FCPATH\index.php(56): CodeIgniter\Boot::bootWeb(Object(Config\Paths))
13 SYSTEMPATH\Commands\Server\rewrite.php(49): require_once('E:\\Polman\\Praktek Enterprise\\Code_Ena_Minggu2\\ena\\ena\\public\\index.php')
INFO - 2024-05-12 13:22:49 --> Session: Class initialized using 'CodeIgniter\Session\Handlers\FileHandler' driver.
INFO - 2024-05-12 13:22:57 --> Session: Class initialized using 'CodeIgniter\Session\Handlers\FileHandler' driver.
INFO - 2024-05-12 13:23:06 --> Session: Class initialized using 'CodeIgniter\Session\Handlers\FileHandler' driver.
CRITICAL - 2024-05-12 13:23:06 --> ErrorException: Undefined variable $koneksi
[Method: GET, Route: /]
in APPPATH\Views\admin\qc\edit_qc.php on line 5.
 1 APPPATH\Views\admin\qc\edit_qc.php(5): CodeIgniter\Debug\Exceptions->errorHandler(2, 'Undefined variable $koneksi', 'E:\\Polman\\Praktek Enterprise\\Code_Ena_Minggu2\\ena\\ena\\app\\Views\\admin\\qc\\edit_qc.php', 5)
 2 APPPATH\Views\index.php(277): include('E:\\Polman\\Praktek Enterprise\\Code_Ena_Minggu2\\ena\\ena\\app\\Views\\admin\\qc\\edit_qc.php')
 3 SYSTEMPATH\View\View.php(234): include('E:\\Polman\\Praktek Enterprise\\Code_Ena_Minggu2\\ena\\ena\\app\\Views\\index.php')
 4 SYSTEMPATH\View\View.php(237): CodeIgniter\View\View->CodeIgniter\View\{closure}()
 5 SYSTEMPATH\Common.php(1171): CodeIgniter\View\View->render('index', [], true)
 6 APPPATH\Controllers\Home.php(83): view('index', [...])
 7 SYSTEMPATH\CodeIgniter.php(933): App\Controllers\Home->index()
 8 SYSTEMPATH\CodeIgniter.php(509): CodeIgniter\CodeIgniter->runController(Object(App\Controllers\Home))
 9 SYSTEMPATH\CodeIgniter.php(355): CodeIgniter\CodeIgniter->handleRequest(null, Object(Config\Cache), false)
10 SYSTEMPATH\Boot.php(312): CodeIgniter\CodeIgniter->run()
11 SYSTEMPATH\Boot.php(67): CodeIgniter\Boot::runCodeIgniter(Object(CodeIgniter\CodeIgniter))
12 FCPATH\index.php(56): CodeIgniter\Boot::bootWeb(Object(Config\Paths))
13 SYSTEMPATH\Commands\Server\rewrite.php(49): require_once('E:\\Polman\\Praktek Enterprise\\Code_Ena_Minggu2\\ena\\ena\\public\\index.php')
INFO - 2024-05-12 13:23:08 --> Session: Class initialized using 'CodeIgniter\Session\Handlers\FileHandler' driver.
INFO - 2024-05-12 13:23:30 --> Session: Class initialized using 'CodeIgniter\Session\Handlers\FileHandler' driver.
CRITICAL - 2024-05-12 13:23:30 --> ErrorException: Undefined variable $koneksi
[Method: GET, Route: /]
in APPPATH\Views\admin\qc\edit_qc.php on line 5.
 1 APPPATH\Views\admin\qc\edit_qc.php(5): CodeIgniter\Debug\Exceptions->errorHandler(2, 'Undefined variable $koneksi', 'E:\\Polman\\Praktek Enterprise\\Code_Ena_Minggu2\\ena\\ena\\app\\Views\\admin\\qc\\edit_qc.php', 5)
 2 APPPATH\Views\index.php(277): include('E:\\Polman\\Praktek Enterprise\\Code_Ena_Minggu2\\ena\\ena\\app\\Views\\admin\\qc\\edit_qc.php')
 3 SYSTEMPATH\View\View.php(234): include('E:\\Polman\\Praktek Enterprise\\Code_Ena_Minggu2\\ena\\ena\\app\\Views\\index.php')
 4 SYSTEMPATH\View\View.php(237): CodeIgniter\View\View->CodeIgniter\View\{closure}()
 5 SYSTEMPATH\Common.php(1171): CodeIgniter\View\View->render('index', [], true)
 6 APPPATH\Controllers\Home.php(83): view('index', [...])
 7 SYSTEMPATH\CodeIgniter.php(933): App\Controllers\Home->index()
 8 SYSTEMPATH\CodeIgniter.php(509): CodeIgniter\CodeIgniter->runController(Object(App\Controllers\Home))
 9 SYSTEMPATH\CodeIgniter.php(355): CodeIgniter\CodeIgniter->handleRequest(null, Object(Config\Cache), false)
10 SYSTEMPATH\Boot.php(312): CodeIgniter\CodeIgniter->run()
11 SYSTEMPATH\Boot.php(67): CodeIgniter\Boot::runCodeIgniter(Object(CodeIgniter\CodeIgniter))
12 FCPATH\index.php(56): CodeIgniter\Boot::bootWeb(Object(Config\Paths))
13 SYSTEMPATH\Commands\Server\rewrite.php(49): require_once('E:\\Polman\\Praktek Enterprise\\Code_Ena_Minggu2\\ena\\ena\\public\\index.php')
INFO - 2024-05-12 13:26:06 --> Session: Class initialized using 'CodeIgniter\Session\Handlers\FileHandler' driver.
INFO - 2024-05-12 13:26:08 --> Session: Class initialized using 'CodeIgniter\Session\Handlers\FileHandler' driver.
INFO - 2024-05-12 17:09:12 --> Session: Class initialized using 'CodeIgniter\Session\Handlers\FileHandler' driver.
